<?xml version="1.0" encoding="utf-8"?><testsuites name="pytest tests"><testsuite name="pytest" errors="0" failures="0" skipped="0" tests="8" time="2.787" timestamp="2026-05-08T03:09:19.705624+00:00" hostname="agent-env-04197ea1-8e3c-454a-bb97-e538600e25e1"><testcase classname="backend.tests.test_jain_api.TestHealth" name="test_health_status" time="0.634" /><testcase classname="backend.tests.test_jain_api.TestHealth" name="test_root" time="0.218" /><testcase classname="backend.tests.test_jain_api.TestLeads" name="test_create_lead_success_email_disabled" time="0.230" /><testcase classname="backend.tests.test_jain_api.TestLeads" name="test_get_leads_returns_created_no_objectid" time="0.179" /><testcase classname="backend.tests.test_jain_api.TestLeads" name="test_leads_sorted_desc" time="0.608" /><testcase classname="backend.tests.test_jain_api.TestLeads" name="test_invalid_email_returns_422" time="0.241" /><testcase classname="backend.tests.test_jain_api.TestLeads" name="test_missing_required_fields_returns_422" time="0.244" /><testcase classname="backend.tests.test_jain_api.TestLeads" name="test_short_name_returns_422" time="0.238" /></testsuite></testsuites>